1592139402116	mozrunner::runner	INFO	Running command: "/usr/bin/firefox" "-marionette" "-foreground" "-no-remote" "-profile" "/tmp/rust_mozprofileBg3Gk1"
1592139413924	Marionette	INFO	Listening on port 35303
1592139413966	Marionette	WARN	TLS certificate errors will be ignored for this session
JavaScript error: https://www.instagram.com/static/bundles/es6/Consumer.js/fa32cc877312.js, line 317: TypeError: this.props is undefined
Exiting due to channel error.
Exiting due to channel error.
Exiting due to channel error.
1592140569145	mozrunner::runner	INFO	Running command: "/usr/bin/firefox" "-marionette" "-foreground" "-no-remote" "-profile" "/tmp/rust_mozprofileYU0DIM"
1592140581339	Marionette	INFO	Listening on port 45771
1592140581397	Marionette	WARN	TLS certificate errors will be ignored for this session
JavaScript error: https://www.instagram.com/static/bundles/es6/Consumer.js/fa32cc877312.js, line 317: TypeError: this.props is undefined

###!!! [Child][MessageChannel] Error: (msgtype=0x6B0029,name=PNecko::Msg_RemoveRequestContext) Channel closing: too late to send/recv, messages will be lost

Exiting due to channel error.
Exiting due to channel error.
1592141497739	mozrunner::runner	INFO	Running command: "/usr/bin/firefox" "-marionette" "-foreground" "-no-remote" "-profile" "/tmp/rust_mozprofileHaABHJ"
1592141509297	Marionette	INFO	Listening on port 38851
1592141509398	Marionette	WARN	TLS certificate errors will be ignored for this session
JavaScript error: https://www.instagram.com/static/bundles/es6/Consumer.js/fa32cc877312.js, line 317: TypeError: this.props is undefined
1592142686255	Marionette	INFO	Stopped listening on port 38851
1592142737234	mozrunner::runner	INFO	Running command: "/usr/bin/firefox" "-marionette" "-foreground" "-no-remote" "-profile" "/tmp/rust_mozprofilelsdoEe"
1592142748843	Marionette	INFO	Listening on port 37707
1592142748917	Marionette	WARN	TLS certificate errors will be ignored for this session
1592142806429	Marionette	INFO	Stopped listening on port 37707
1592142812094	mozrunner::runner	INFO	Running command: "/usr/bin/firefox" "-marionette" "-foreground" "-no-remote" "-profile" "/tmp/rust_mozprofilewrjuxb"
1592142823580	Marionette	INFO	Listening on port 37871
1592142823662	Marionette	WARN	TLS certificate errors will be ignored for this session
JavaScript error: https://www.instagram.com/static/bundles/es6/Consumer.js/fa32cc877312.js, line 317: TypeError: this.props is undefined
Exiting due to channel error.
Exiting due to channel error.
1592143115888	mozrunner::runner	INFO	Running command: "/usr/bin/firefox" "-marionette" "-foreground" "-no-remote" "-profile" "/tmp/rust_mozprofileLDpMew"
1592143128435	Marionette	INFO	Listening on port 44937
1592143128487	Marionette	WARN	TLS certificate errors will be ignored for this session
JavaScript error: https://www.instagram.com/static/bundles/es6/Consumer.js/fa32cc877312.js, line 317: TypeError: this.props is undefined
JavaScript error: https://www.instagram.com/static/bundles/es6/Consumer.js/fa32cc877312.js, line 317: TypeError: this.props is undefined
JavaScript error: https://www.instagram.com/static/bundles/es6/Consumer.js/fa32cc877312.js, line 317: TypeError: this.props is undefined
1592149408629	Marionette	INFO	Stopped listening on port 44937
1592149421087	mozrunner::runner	INFO	Running command: "/usr/bin/firefox" "-marionette" "-foreground" "-no-remote" "-profile" "/tmp/rust_mozprofile538PIc"
1592149433573	Marionette	INFO	Listening on port 45459
1592149433713	Marionette	WARN	TLS certificate errors will be ignored for this session
JavaScript error: https://www.instagram.com/static/bundles/es6/Consumer.js/fa32cc877312.js, line 317: TypeError: this.props is undefined
JavaScript error: https://www.instagram.com/static/bundles/es6/Consumer.js/fa32cc877312.js, line 317: TypeError: this.props is undefined
1592152826001	Marionette	INFO	Stopped listening on port 45459
1592153262815	mozrunner::runner	INFO	Running command: "/usr/bin/firefox" "-marionette" "-foreground" "-no-remote" "-profile" "/tmp/rust_mozprofileMP76Xg"
1592153274740	Marionette	INFO	Listening on port 40113
1592153274820	Marionette	WARN	TLS certificate errors will be ignored for this session
JavaScript error: https://www.instagram.com/static/bundles/es6/Consumer.js/fa32cc877312.js, line 317: TypeError: this.props is undefined
JavaScript error: https://www.instagram.com/static/bundles/es6/Consumer.js/fa32cc877312.js, line 317: TypeError: this.props is undefined
1592173331904	Marionette	INFO	Stopped listening on port 40113
1592173340748	mozrunner::runner	INFO	Running command: "/usr/bin/firefox" "-marionette" "-foreground" "-no-remote" "-profile" "/tmp/rust_mozprofiley3W6Y9"
1592173352950	Marionette	INFO	Listening on port 41687
1592173353009	Marionette	WARN	TLS certificate errors will be ignored for this session
JavaScript error: https://www.instagram.com/static/bundles/es6/Consumer.js/fa32cc877312.js, line 317: TypeError: this.props is undefined
JavaScript error: https://www.instagram.com/static/bundles/es6/Consumer.js/fa32cc877312.js, line 317: TypeError: this.props is undefined
Exiting due to channel error.
Exiting due to channel error.
1592176256193	mozrunner::runner	INFO	Running command: "/usr/bin/firefox" "-marionette" "-foreground" "-no-remote" "-profile" "/tmp/rust_mozprofilekmxJov"
1592176267641	Marionette	INFO	Listening on port 36213
1592176267738	Marionette	WARN	TLS certificate errors will be ignored for this session
Exiting due to channel error.
Exiting due to channel error.
Exiting due to channel error.
1592176299130	mozrunner::runner	INFO	Running command: "/usr/bin/firefox" "-marionette" "-foreground" "-no-remote" "-profile" "/tmp/rust_mozprofileRLnul2"
1592176311036	Marionette	INFO	Listening on port 42485
1592176311132	Marionette	WARN	TLS certificate errors will be ignored for this session
JavaScript error: https://www.instagram.com/static/bundles/es6/Consumer.js/fa32cc877312.js, line 317: TypeError: this.props is undefined
Exiting due to channel error.
Exiting due to channel error.
1592177945220	mozrunner::runner	INFO	Running command: "/usr/bin/firefox" "-marionette" "-foreground" "-no-remote" "-profile" "/tmp/rust_mozprofileXTE7IV"
1592177956704	Marionette	INFO	Listening on port 35731
1592177956773	Marionette	WARN	TLS certificate errors will be ignored for this session
JavaScript error: https://www.instagram.com/static/bundles/es6/Consumer.js/fa32cc877312.js, line 317: TypeError: this.props is undefined
Exiting due to channel error.
Exiting due to channel error.
1592183284968	mozrunner::runner	INFO	Running command: "/usr/bin/firefox" "-marionette" "-foreground" "-no-remote" "-profile" "/tmp/rust_mozprofileVU1w45"
1592183296430	Marionette	INFO	Listening on port 45141
1592183296598	Marionette	WARN	TLS certificate errors will be ignored for this session
JavaScript error: https://www.instagram.com/static/bundles/es6/Consumer.js/fa32cc877312.js, line 317: TypeError: this.props is undefined
[GFX1-]: Receive IPC close with reason=AbnormalShutdown
Exiting due to channel error.
[GFX1-]: Receive IPC close with reason=AbnormalShutdown
Exiting due to channel error.
Exiting due to channel error.
1592191717151	mozrunner::runner	INFO	Running command: "/usr/bin/firefox" "-marionette" "-foreground" "-no-remote" "-profile" "/tmp/rust_mozprofileWP6HT5"
1592191728414	Marionette	INFO	Listening on port 34847
1592191728541	Marionette	WARN	TLS certificate errors will be ignored for this session
IPDL protocol error: Handler returned error code!

###!!! [Parent][DispatchAsyncMessage] Error: PLayerTransaction::Msg_ReleaseLayer Processing error: message was deserialized, but the handler returned false (indicating failure)

1592191825637	Marionette	INFO	Stopped listening on port 34847
